<?xml version="1.0" encoding="UTF-8"?>
<testng-results skipped="0" failed="0" ignored="0" total="1" passed="1">
  <reporter-output>
  </reporter-output>
  <suite name="Suite" duration-ms="16038" started-at="2020-03-14T18:41:30Z" finished-at="2020-03-14T18:41:46Z">
    <groups>
      <group name="cucumber">
        <method signature="AbstractTestNGCucumberTests.feature(cucumber.api.testng.CucumberFeatureWrapper)[pri:0, instance:cucumberOptions.TestRunner@6a4f787b]" name="feature" class="cucumber.api.testng.AbstractTestNGCucumberTests"/>
      </group> <!-- cucumber -->
    </groups>
    <test name="Test" duration-ms="16038" started-at="2020-03-14T18:41:30Z" finished-at="2020-03-14T18:41:46Z">
      <class name="cucumberOptions.TestRunner">
        <test-method status="PASS" signature="setUpClass()[pri:0, instance:cucumberOptions.TestRunner@6a4f787b]" name="setUpClass" is-config="true" duration-ms="324" started-at="2020-03-14T18:41:30Z" finished-at="2020-03-14T18:41:30Z">
          <reporter-output>
          </reporter-output>
        </test-method> <!-- setUpClass -->
        <test-method status="PASS" signature="feature(cucumber.api.testng.CucumberFeatureWrapper)[pri:0, instance:cucumberOptions.TestRunner@6a4f787b]" name="feature" duration-ms="15583" started-at="2020-03-14T18:41:30Z" description="Runs Cucumber Feature" data-provider="features" finished-at="2020-03-14T18:41:46Z">
          <params>
            <param index="0">
              <value>
                <![CDATA[AMC Theatre Login]]>
              </value>
            </param>
          </params>
          <reporter-output>
          </reporter-output>
        </test-method> <!-- feature -->
        <test-method status="PASS" signature="tearDownClass()[pri:0, instance:cucumberOptions.TestRunner@6a4f787b]" name="tearDownClass" is-config="true" duration-ms="8" started-at="2020-03-14T18:41:46Z" finished-at="2020-03-14T18:41:46Z">
          <reporter-output>
          </reporter-output>
        </test-method> <!-- tearDownClass -->
      </class> <!-- cucumberOptions.TestRunner -->
    </test> <!-- Test -->
  </suite> <!-- Suite -->
</testng-results>
